1734888329.222586 client started (35512): version 3.5a, socket /private/tmp/tmux-501/default, protocol 8
1734888329.222663 on Darwin 24.1.0 Darwin Kernel Version 24.1.0: Thu Nov 14 18:19:02 PST 2024; root:xnu-11215.41.3~13/RELEASE_ARM64_T8132
1734888329.222676 using libevent 2.1.12-stable select
1734888329.223029 using utf8proc 2.9.0
1734888329.223042 using ncurses 6.5 20240427
1734888329.223061 flags are 0x10010000
1734888329.223068 socket is /private/tmp/tmux-501/default
1734888329.223081 trying connect
1734888329.223126 add peer 0x150048000: 6 (0x0)
1734888329.226395 sending message 111 to peer 0x150048000 (8 bytes)
1734888329.226406 sending message 111 to peer 0x150048000 (8 bytes)
1734888329.226412 sending message 101 to peer 0x150048000 (14 bytes)
1734888329.226418 sending message 109 to peer 0x150048000 (4 bytes)
1734888329.226423 sending message 102 to peer 0x150048000 (13 bytes)
1734888329.226428 sending message 108 to peer 0x150048000 (25 bytes)
1734888329.226433 sending message 112 to peer 0x150048000 (70 bytes)
1734888329.226438 sending message 112 to peer 0x150048000 (5 bytes)
1734888329.226442 sending message 112 to peer 0x150048000 (5 bytes)
1734888329.226447 sending message 112 to peer 0x150048000 (6 bytes)
1734888329.226451 sending message 112 to peer 0x150048000 (6 bytes)
1734888329.226456 sending message 112 to peer 0x150048000 (11 bytes)
1734888329.226461 sending message 112 to peer 0x150048000 (10 bytes)
1734888329.226465 sending message 112 to peer 0x150048000 (13 bytes)
1734888329.226470 sending message 112 to peer 0x150048000 (13 bytes)
1734888329.226474 sending message 112 to peer 0x150048000 (18 bytes)
1734888329.226479 sending message 112 to peer 0x150048000 (11 bytes)
1734888329.226483 sending message 112 to peer 0x150048000 (10 bytes)
1734888329.226487 sending message 112 to peer 0x150048000 (15 bytes)
1734888329.226492 sending message 112 to peer 0x150048000 (21 bytes)
1734888329.226496 sending message 112 to peer 0x150048000 (13 bytes)
1734888329.226501 sending message 112 to peer 0x150048000 (7 bytes)
1734888329.226505 sending message 112 to peer 0x150048000 (13 bytes)
1734888329.226510 sending message 112 to peer 0x150048000 (7 bytes)
1734888329.226515 sending message 112 to peer 0x150048000 (13 bytes)
1734888329.226519 sending message 112 to peer 0x150048000 (9 bytes)
1734888329.226524 sending message 112 to peer 0x150048000 (21 bytes)
1734888329.226528 sending message 112 to peer 0x150048000 (13 bytes)
1734888329.226532 sending message 112 to peer 0x150048000 (8 bytes)
1734888329.226537 sending message 112 to peer 0x150048000 (12 bytes)
1734888329.226542 sending message 112 to peer 0x150048000 (13 bytes)
1734888329.226546 sending message 112 to peer 0x150048000 (9 bytes)
1734888329.226551 sending message 112 to peer 0x150048000 (9 bytes)
1734888329.226559 sending message 112 to peer 0x150048000 (12 bytes)
1734888329.226565 sending message 112 to peer 0x150048000 (8 bytes)
1734888329.226570 sending message 112 to peer 0x150048000 (7 bytes)
1734888329.226576 sending message 112 to peer 0x150048000 (7 bytes)
1734888329.226580 sending message 112 to peer 0x150048000 (9 bytes)
1734888329.226585 sending message 112 to peer 0x150048000 (13 bytes)
1734888329.226589 sending message 112 to peer 0x150048000 (6 bytes)
1734888329.226594 sending message 112 to peer 0x150048000 (9 bytes)
1734888329.226598 sending message 112 to peer 0x150048000 (13 bytes)
1734888329.226602 sending message 112 to peer 0x150048000 (12 bytes)
1734888329.226607 sending message 112 to peer 0x150048000 (8 bytes)
1734888329.226611 sending message 112 to peer 0x150048000 (9 bytes)
1734888329.226615 sending message 112 to peer 0x150048000 (10 bytes)
1734888329.226620 sending message 112 to peer 0x150048000 (10 bytes)
1734888329.226624 sending message 112 to peer 0x150048000 (10 bytes)
1734888329.226629 sending message 112 to peer 0x150048000 (10 bytes)
1734888329.226633 sending message 112 to peer 0x150048000 (11 bytes)
1734888329.226637 sending message 112 to peer 0x150048000 (10 bytes)
1734888329.226641 sending message 112 to peer 0x150048000 (8 bytes)
1734888329.226664 sending message 112 to peer 0x150048000 (11 bytes)
1734888329.226668 sending message 112 to peer 0x150048000 (11 bytes)
1734888329.226671 sending message 112 to peer 0x150048000 (11 bytes)
1734888329.226674 sending message 112 to peer 0x150048000 (8 bytes)
1734888329.226677 sending message 112 to peer 0x150048000 (8 bytes)
1734888329.226680 sending message 112 to peer 0x150048000 (8 bytes)
1734888329.226683 sending message 112 to peer 0x150048000 (10 bytes)
1734888329.226686 sending message 112 to peer 0x150048000 (10 bytes)
1734888329.226689 sending message 112 to peer 0x150048000 (10 bytes)
1734888329.226692 sending message 112 to peer 0x150048000 (10 bytes)
1734888329.226695 sending message 112 to peer 0x150048000 (10 bytes)
1734888329.226698 sending message 112 to peer 0x150048000 (11 bytes)
1734888329.226701 sending message 112 to peer 0x150048000 (11 bytes)
1734888329.226704 sending message 112 to peer 0x150048000 (10 bytes)
1734888329.226707 sending message 112 to peer 0x150048000 (9 bytes)
1734888329.226710 sending message 112 to peer 0x150048000 (9 bytes)
1734888329.226713 sending message 112 to peer 0x150048000 (12 bytes)
1734888329.226717 sending message 112 to peer 0x150048000 (9 bytes)
1734888329.226720 sending message 112 to peer 0x150048000 (6 bytes)
1734888329.226723 sending message 112 to peer 0x150048000 (8 bytes)
1734888329.226726 sending message 112 to peer 0x150048000 (15 bytes)
1734888329.226729 sending message 112 to peer 0x150048000 (13 bytes)
1734888329.226732 sending message 112 to peer 0x150048000 (9 bytes)
1734888329.226735 sending message 112 to peer 0x150048000 (70 bytes)
1734888329.226738 sending message 112 to peer 0x150048000 (69 bytes)
1734888329.226741 sending message 112 to peer 0x150048000 (10 bytes)
1734888329.226744 sending message 112 to peer 0x150048000 (10 bytes)
1734888329.226747 sending message 112 to peer 0x150048000 (8 bytes)
1734888329.226750 sending message 112 to peer 0x150048000 (15 bytes)
1734888329.226753 sending message 112 to peer 0x150048000 (13 bytes)
1734888329.226756 sending message 112 to peer 0x150048000 (10 bytes)
1734888329.226759 sending message 112 to peer 0x150048000 (10 bytes)
1734888329.226762 sending message 112 to peer 0x150048000 (13 bytes)
1734888329.226765 sending message 112 to peer 0x150048000 (9 bytes)
1734888329.226768 sending message 112 to peer 0x150048000 (5 bytes)
1734888329.226771 sending message 112 to peer 0x150048000 (5 bytes)
1734888329.226776 sending message 104 to peer 0x150048000 (0 bytes)
1734888329.226779 sending message 110 to peer 0x150048000 (0 bytes)
1734888329.226782 sending message 107 to peer 0x150048000 (4 bytes)
1734888329.226785 sending message 105 to peer 0x150048000 (15 bytes)
1734888329.226789 sending message 105 to peer 0x150048000 (20 bytes)
1734888329.226792 sending message 105 to peer 0x150048000 (22 bytes)
1734888329.226795 sending message 105 to peer 0x150048000 (21 bytes)
1734888329.226798 sending message 105 to peer 0x150048000 (37 bytes)
1734888329.226801 sending message 105 to peer 0x150048000 (30 bytes)
1734888329.226804 sending message 105 to peer 0x150048000 (34 bytes)
1734888329.226807 sending message 105 to peer 0x150048000 (60 bytes)
1734888329.226810 sending message 105 to peer 0x150048000 (22 bytes)
1734888329.226813 sending message 105 to peer 0x150048000 (61 bytes)
1734888329.226816 sending message 105 to peer 0x150048000 (17 bytes)
1734888329.226819 sending message 105 to peer 0x150048000 (19 bytes)
1734888329.226822 sending message 105 to peer 0x150048000 (26 bytes)
1734888329.226825 sending message 105 to peer 0x150048000 (8 bytes)
1734888329.226829 sending message 105 to peer 0x150048000 (17 bytes)
1734888329.226831 sending message 105 to peer 0x150048000 (32 bytes)
1734888329.226835 sending message 105 to peer 0x150048000 (96 bytes)
1734888329.226838 sending message 105 to peer 0x150048000 (56 bytes)
1734888329.226841 sending message 105 to peer 0x150048000 (16 bytes)
1734888329.226844 sending message 105 to peer 0x150048000 (29 bytes)
1734888329.226847 sending message 105 to peer 0x150048000 (65 bytes)
1734888329.226855 sending message 105 to peer 0x150048000 (32 bytes)
1734888329.226859 sending message 105 to peer 0x150048000 (12 bytes)
1734888329.226862 sending message 105 to peer 0x150048000 (11 bytes)
1734888329.226865 sending message 105 to peer 0x150048000 (490 bytes)
1734888329.226868 sending message 105 to peer 0x150048000 (29 bytes)
1734888329.226871 sending message 105 to peer 0x150048000 (15 bytes)
1734888329.226874 sending message 105 to peer 0x150048000 (8 bytes)
1734888329.226878 sending message 105 to peer 0x150048000 (66 bytes)
1734888329.226880 sending message 105 to peer 0x150048000 (19 bytes)
1734888329.226884 sending message 105 to peer 0x150048000 (86 bytes)
1734888329.226887 sending message 105 to peer 0x150048000 (44 bytes)
1734888329.226890 sending message 105 to peer 0x150048000 (18 bytes)
1734888329.226893 sending message 105 to peer 0x150048000 (26 bytes)
1734888329.226896 sending message 105 to peer 0x150048000 (60 bytes)
1734888329.226899 sending message 105 to peer 0x150048000 (57 bytes)
1734888329.226902 sending message 105 to peer 0x150048000 (42 bytes)
1734888329.226905 sending message 105 to peer 0x150048000 (13 bytes)
1734888329.226908 sending message 105 to peer 0x150048000 (56 bytes)
1734888329.226911 sending message 105 to peer 0x150048000 (14 bytes)
1734888329.226914 sending message 105 to peer 0x150048000 (14 bytes)
1734888329.226917 sending message 105 to peer 0x150048000 (19 bytes)
1734888329.226920 sending message 105 to peer 0x150048000 (31 bytes)
1734888329.226923 sending message 105 to peer 0x150048000 (26 bytes)
1734888329.226926 sending message 105 to peer 0x150048000 (22 bytes)
1734888329.226929 sending message 105 to peer 0x150048000 (43 bytes)
1734888329.226932 sending message 105 to peer 0x150048000 (32 bytes)
1734888329.226935 sending message 105 to peer 0x150048000 (10 bytes)
1734888329.226939 sending message 105 to peer 0x150048000 (25 bytes)
1734888329.226942 sending message 106 to peer 0x150048000 (0 bytes)
1734888329.226987 sending message 200 to peer 0x150048000 (4 bytes)
1734888329.226993 client loop enter
1734888329.227210 peer 0x150048000 message 303
1734888329.227220 open write file 2 -
1734888329.227230 sending message 305 to peer 0x150048000 (8 bytes)
1734888329.227242 write check file 2
1734888329.227271 peer 0x150048000 message 304
1734888329.227275 write 58 to file 2
1734888329.227279 peer 0x150048000 message 203
1734888329.227283 file 2 58 bytes left
1734888329.227296 write check file 2
1734888329.227300 client loop exit
